[2020-06-11 11:15:54.567] [jointLog] [info] Fragment incompatibility prior below threshold.  Incompatible fragments will be ignored.
[2020-06-11 11:15:54.567] [jointLog] [info] Usage of --validateMappings implies use of range factorization. rangeFactorizationBins is being set to 4
[2020-06-11 11:15:54.567] [jointLog] [info] Usage of --validateMappings implies a default consensus slack of 1. Setting consensusSlack to 1.
[2020-06-11 11:15:54.567] [jointLog] [info] parsing read library format
[2020-06-11 11:15:54.567] [jointLog] [info] There is 1 library.
[2020-06-11 11:15:54.656] [jointLog] [info] Loading Quasi index
[2020-06-11 11:15:54.657] [jointLog] [info] Loading 32-bit quasi index
[2020-06-11 11:16:08.965] [jointLog] [info] done
[2020-06-11 11:16:08.965] [jointLog] [info] Index contained 133618 targets
[2020-06-11 11:16:10.787] [jointLog] [info] Automatically detected most likely library type as IU
[2020-06-11 11:18:16.253] [jointLog] [info] Thread saw mini-batch with a maximum of 0.64% zero probability fragments
[2020-06-11 11:18:16.254] [jointLog] [info] Thread saw mini-batch with a maximum of 0.82% zero probability fragments
[2020-06-11 11:18:16.254] [jointLog] [info] Thread saw mini-batch with a maximum of 0.64% zero probability fragments
[2020-06-11 11:18:16.254] [jointLog] [info] Thread saw mini-batch with a maximum of 0.66% zero probability fragments
[2020-06-11 11:18:16.273] [jointLog] [info] Thread saw mini-batch with a maximum of 0.70% zero probability fragments
[2020-06-11 11:18:16.283] [jointLog] [info] Thread saw mini-batch with a maximum of 0.62% zero probability fragments
[2020-06-11 11:18:16.311] [jointLog] [info] Thread saw mini-batch with a maximum of 0.64% zero probability fragments
[2020-06-11 11:18:16.314] [jointLog] [info] Thread saw mini-batch with a maximum of 0.70% zero probability fragments
[2020-06-11 11:18:16.596] [fileLog] [info] 
At end of round 0
==================
Observed 27176596 total fragments (27176596 in most recent round)

[2020-06-11 11:18:16.595] [jointLog] [info] Computed 318444 rich equivalence classes for further processing
[2020-06-11 11:18:16.595] [jointLog] [info] Counted 25304166 total reads in the equivalence classes 
[2020-06-11 11:18:16.602] [jointLog] [info] Mapping rate = 93.1101%

[2020-06-11 11:18:16.602] [jointLog] [info] finished quantifyLibrary()
[2020-06-11 11:18:16.605] [jointLog] [info] Starting optimizer
[2020-06-11 11:18:16.709] [jointLog] [info] Marked 0 weighted equivalence classes as degenerate
[2020-06-11 11:18:16.724] [jointLog] [info] iteration = 0 | max rel diff. = 7715.32
[2020-06-11 11:18:16.873] [jointLog] [info] iteration 11, adjusting effective lengths to account for biases
[2020-06-11 11:18:42.120] [jointLog] [info] Computed expected counts (for bias correction)
[2020-06-11 11:18:42.120] [jointLog] [info] processed bias for 0.0% of the transcripts
[2020-06-11 11:18:47.176] [jointLog] [info] processed bias for 10.0% of the transcripts
[2020-06-11 11:18:52.331] [jointLog] [info] processed bias for 20.0% of the transcripts
[2020-06-11 11:18:57.434] [jointLog] [info] processed bias for 30.0% of the transcripts
[2020-06-11 11:19:02.552] [jointLog] [info] processed bias for 40.0% of the transcripts
[2020-06-11 11:19:07.607] [jointLog] [info] processed bias for 50.0% of the transcripts
[2020-06-11 11:19:11.038] [jointLog] [info] processed bias for 100.0% of the transcripts
[2020-06-11 11:19:12.419] [jointLog] [info] iteration = 100 | max rel diff. = 17.0873
[2020-06-11 11:19:13.908] [jointLog] [info] iteration = 200 | max rel diff. = 6.48004
[2020-06-11 11:19:15.371] [jointLog] [info] iteration = 300 | max rel diff. = 19.1154
[2020-06-11 11:19:16.829] [jointLog] [info] iteration = 400 | max rel diff. = 3.09456
[2020-06-11 11:19:18.295] [jointLog] [info] iteration = 500 | max rel diff. = 1.38248
[2020-06-11 11:19:19.756] [jointLog] [info] iteration = 600 | max rel diff. = 0.382394
[2020-06-11 11:19:21.219] [jointLog] [info] iteration = 700 | max rel diff. = 0.222717
[2020-06-11 11:19:22.700] [jointLog] [info] iteration = 800 | max rel diff. = 0.876507
[2020-06-11 11:19:24.160] [jointLog] [info] iteration = 900 | max rel diff. = 1.98721
[2020-06-11 11:19:25.615] [jointLog] [info] iteration = 1000 | max rel diff. = 0.0497072
[2020-06-11 11:19:27.076] [jointLog] [info] iteration = 1100 | max rel diff. = 0.0478442
[2020-06-11 11:19:28.532] [jointLog] [info] iteration = 1200 | max rel diff. = 0.493426
[2020-06-11 11:19:29.987] [jointLog] [info] iteration = 1300 | max rel diff. = 0.0870396
[2020-06-11 11:19:31.442] [jointLog] [info] iteration = 1400 | max rel diff. = 0.0375078
[2020-06-11 11:19:32.898] [jointLog] [info] iteration = 1500 | max rel diff. = 0.0521285
[2020-06-11 11:19:34.353] [jointLog] [info] iteration = 1600 | max rel diff. = 0.0732829
[2020-06-11 11:19:35.808] [jointLog] [info] iteration = 1700 | max rel diff. = 0.0444798
[2020-06-11 11:19:36.158] [jointLog] [info] iteration = 1725 | max rel diff. = 0.00751316
[2020-06-11 11:19:36.164] [jointLog] [info] Finished optimizer
[2020-06-11 11:19:36.164] [jointLog] [info] writing output 

