[2020-06-11 10:57:26.101] [jointLog] [info] Fragment incompatibility prior below threshold.  Incompatible fragments will be ignored.
[2020-06-11 10:57:26.101] [jointLog] [info] Usage of --validateMappings implies use of range factorization. rangeFactorizationBins is being set to 4
[2020-06-11 10:57:26.101] [jointLog] [info] Usage of --validateMappings implies a default consensus slack of 1. Setting consensusSlack to 1.
[2020-06-11 10:57:26.101] [jointLog] [info] parsing read library format
[2020-06-11 10:57:26.101] [jointLog] [info] There is 1 library.
[2020-06-11 10:57:26.192] [jointLog] [info] Loading Quasi index
[2020-06-11 10:57:26.193] [jointLog] [info] Loading 32-bit quasi index
[2020-06-11 10:57:38.548] [jointLog] [info] done
[2020-06-11 10:57:38.548] [jointLog] [info] Index contained 133618 targets
[2020-06-11 10:57:40.341] [jointLog] [info] Automatically detected most likely library type as IU
[2020-06-11 11:00:30.324] [jointLog] [info] Thread saw mini-batch with a maximum of 0.72% zero probability fragments
[2020-06-11 11:00:30.325] [jointLog] [info] Thread saw mini-batch with a maximum of 0.62% zero probability fragments
[2020-06-11 11:00:30.330] [jointLog] [info] Thread saw mini-batch with a maximum of 0.64% zero probability fragments
[2020-06-11 11:00:30.332] [jointLog] [info] Thread saw mini-batch with a maximum of 0.64% zero probability fragments
[2020-06-11 11:00:30.361] [jointLog] [info] Thread saw mini-batch with a maximum of 0.66% zero probability fragments
[2020-06-11 11:00:30.365] [jointLog] [info] Thread saw mini-batch with a maximum of 0.62% zero probability fragments
[2020-06-11 11:00:30.376] [jointLog] [info] Thread saw mini-batch with a maximum of 0.66% zero probability fragments
[2020-06-11 11:00:30.387] [jointLog] [info] Thread saw mini-batch with a maximum of 0.60% zero probability fragments
[2020-06-11 11:00:30.692] [fileLog] [info] 
At end of round 0
==================
Observed 33835427 total fragments (33835427 in most recent round)

[2020-06-11 11:00:30.691] [jointLog] [info] Computed 366762 rich equivalence classes for further processing
[2020-06-11 11:00:30.691] [jointLog] [info] Counted 31628455 total reads in the equivalence classes 
[2020-06-11 11:00:30.699] [jointLog] [info] Mapping rate = 93.4773%

[2020-06-11 11:00:30.699] [jointLog] [info] finished quantifyLibrary()
[2020-06-11 11:00:30.701] [jointLog] [info] Starting optimizer
[2020-06-11 11:00:30.817] [jointLog] [info] Marked 0 weighted equivalence classes as degenerate
[2020-06-11 11:00:30.835] [jointLog] [info] iteration = 0 | max rel diff. = 4804.73
[2020-06-11 11:00:31.008] [jointLog] [info] iteration 11, adjusting effective lengths to account for biases
[2020-06-11 11:00:55.572] [jointLog] [info] Computed expected counts (for bias correction)
[2020-06-11 11:00:55.572] [jointLog] [info] processed bias for 0.0% of the transcripts
[2020-06-11 11:01:00.181] [jointLog] [info] processed bias for 10.0% of the transcripts
[2020-06-11 11:01:04.826] [jointLog] [info] processed bias for 20.0% of the transcripts
[2020-06-11 11:01:09.505] [jointLog] [info] processed bias for 30.0% of the transcripts
[2020-06-11 11:01:14.181] [jointLog] [info] processed bias for 40.0% of the transcripts
[2020-06-11 11:01:18.791] [jointLog] [info] processed bias for 50.0% of the transcripts
[2020-06-11 11:01:23.393] [jointLog] [info] processed bias for 60.0% of the transcripts
[2020-06-11 11:01:23.867] [jointLog] [info] processed bias for 100.0% of the transcripts
[2020-06-11 11:01:25.427] [jointLog] [info] iteration = 100 | max rel diff. = 11.6589
[2020-06-11 11:01:27.157] [jointLog] [info] iteration = 200 | max rel diff. = 14.2059
[2020-06-11 11:01:28.889] [jointLog] [info] iteration = 300 | max rel diff. = 1.98449
[2020-06-11 11:01:30.616] [jointLog] [info] iteration = 400 | max rel diff. = 1.14463
[2020-06-11 11:01:32.349] [jointLog] [info] iteration = 500 | max rel diff. = 0.255597
[2020-06-11 11:01:34.085] [jointLog] [info] iteration = 600 | max rel diff. = 15.3373
[2020-06-11 11:01:35.812] [jointLog] [info] iteration = 700 | max rel diff. = 0.229948
[2020-06-11 11:01:37.540] [jointLog] [info] iteration = 800 | max rel diff. = 0.122636
[2020-06-11 11:01:39.278] [jointLog] [info] iteration = 900 | max rel diff. = 0.380896
[2020-06-11 11:01:40.999] [jointLog] [info] iteration = 1000 | max rel diff. = 0.0424498
[2020-06-11 11:01:42.724] [jointLog] [info] iteration = 1100 | max rel diff. = 0.0634194
[2020-06-11 11:01:44.447] [jointLog] [info] iteration = 1200 | max rel diff. = 0.191601
[2020-06-11 11:01:46.176] [jointLog] [info] iteration = 1300 | max rel diff. = 0.0996666
[2020-06-11 11:01:47.904] [jointLog] [info] iteration = 1400 | max rel diff. = 0.0457212
[2020-06-11 11:01:49.631] [jointLog] [info] iteration = 1500 | max rel diff. = 0.0347907
[2020-06-11 11:01:51.387] [jointLog] [info] iteration = 1600 | max rel diff. = 0.318227
[2020-06-11 11:01:53.137] [jointLog] [info] iteration = 1700 | max rel diff. = 0.0437716
[2020-06-11 11:01:54.881] [jointLog] [info] iteration = 1800 | max rel diff. = 0.332138
[2020-06-11 11:01:56.624] [jointLog] [info] iteration = 1900 | max rel diff. = 0.0229491
[2020-06-11 11:01:57.549] [jointLog] [info] iteration = 1954 | max rel diff. = 0.0092521
[2020-06-11 11:01:57.554] [jointLog] [info] Finished optimizer
[2020-06-11 11:01:57.554] [jointLog] [info] writing output 

