[2020-06-11 11:48:24.684] [jointLog] [info] Fragment incompatibility prior below threshold.  Incompatible fragments will be ignored.
[2020-06-11 11:48:24.684] [jointLog] [info] Usage of --validateMappings implies use of range factorization. rangeFactorizationBins is being set to 4
[2020-06-11 11:48:24.684] [jointLog] [info] Usage of --validateMappings implies a default consensus slack of 1. Setting consensusSlack to 1.
[2020-06-11 11:48:24.684] [jointLog] [info] parsing read library format
[2020-06-11 11:48:24.684] [jointLog] [info] There is 1 library.
[2020-06-11 11:48:24.792] [jointLog] [info] Loading Quasi index
[2020-06-11 11:48:24.793] [jointLog] [info] Loading 32-bit quasi index
[2020-06-11 11:48:40.676] [jointLog] [info] done
[2020-06-11 11:48:40.676] [jointLog] [info] Index contained 133618 targets
[2020-06-11 11:48:42.591] [jointLog] [info] Automatically detected most likely library type as IU
[2020-06-11 11:50:52.393] [jointLog] [info] Thread saw mini-batch with a maximum of 0.62% zero probability fragments
[2020-06-11 11:50:52.393] [jointLog] [info] Thread saw mini-batch with a maximum of 0.72% zero probability fragments
[2020-06-11 11:50:52.394] [jointLog] [info] Thread saw mini-batch with a maximum of 0.62% zero probability fragments
[2020-06-11 11:50:52.408] [jointLog] [info] Thread saw mini-batch with a maximum of 0.64% zero probability fragments
[2020-06-11 11:50:52.418] [jointLog] [info] Thread saw mini-batch with a maximum of 0.72% zero probability fragments
[2020-06-11 11:50:52.428] [jointLog] [info] Thread saw mini-batch with a maximum of 0.70% zero probability fragments
[2020-06-11 11:50:52.437] [jointLog] [info] Thread saw mini-batch with a maximum of 0.66% zero probability fragments
[2020-06-11 11:50:52.449] [jointLog] [info] Thread saw mini-batch with a maximum of 0.60% zero probability fragments
[2020-06-11 11:50:52.795] [fileLog] [info] 
At end of round 0
==================
Observed 31166866 total fragments (31166866 in most recent round)

[2020-06-11 11:50:52.794] [jointLog] [info] Computed 334490 rich equivalence classes for further processing
[2020-06-11 11:50:52.794] [jointLog] [info] Counted 29189172 total reads in the equivalence classes 
[2020-06-11 11:50:52.802] [jointLog] [info] Mapping rate = 93.6545%

[2020-06-11 11:50:52.802] [jointLog] [info] finished quantifyLibrary()
[2020-06-11 11:50:52.862] [jointLog] [info] Starting optimizer
[2020-06-11 11:50:52.973] [jointLog] [info] Marked 0 weighted equivalence classes as degenerate
[2020-06-11 11:50:52.988] [jointLog] [info] iteration = 0 | max rel diff. = 7130.34
[2020-06-11 11:50:53.142] [jointLog] [info] iteration 11, adjusting effective lengths to account for biases
[2020-06-11 11:51:19.318] [jointLog] [info] Computed expected counts (for bias correction)
[2020-06-11 11:51:19.318] [jointLog] [info] processed bias for 0.0% of the transcripts
[2020-06-11 11:51:24.567] [jointLog] [info] processed bias for 10.0% of the transcripts
[2020-06-11 11:51:29.798] [jointLog] [info] processed bias for 20.0% of the transcripts
[2020-06-11 11:51:34.979] [jointLog] [info] processed bias for 30.0% of the transcripts
[2020-06-11 11:51:40.281] [jointLog] [info] processed bias for 40.0% of the transcripts
[2020-06-11 11:51:45.464] [jointLog] [info] processed bias for 50.0% of the transcripts
[2020-06-11 11:51:49.113] [jointLog] [info] processed bias for 100.0% of the transcripts
[2020-06-11 11:51:50.571] [jointLog] [info] iteration = 100 | max rel diff. = 21.0657
[2020-06-11 11:51:52.175] [jointLog] [info] iteration = 200 | max rel diff. = 15.2718
[2020-06-11 11:51:53.767] [jointLog] [info] iteration = 300 | max rel diff. = 6.65663
[2020-06-11 11:51:55.367] [jointLog] [info] iteration = 400 | max rel diff. = 4.88199
[2020-06-11 11:51:56.966] [jointLog] [info] iteration = 500 | max rel diff. = 1.85611
[2020-06-11 11:51:58.556] [jointLog] [info] iteration = 600 | max rel diff. = 0.113342
[2020-06-11 11:52:00.149] [jointLog] [info] iteration = 700 | max rel diff. = 0.321765
[2020-06-11 11:52:01.737] [jointLog] [info] iteration = 800 | max rel diff. = 1.25161
[2020-06-11 11:52:03.324] [jointLog] [info] iteration = 900 | max rel diff. = 0.511992
[2020-06-11 11:52:04.938] [jointLog] [info] iteration = 1000 | max rel diff. = 0.270921
[2020-06-11 11:52:06.542] [jointLog] [info] iteration = 1100 | max rel diff. = 0.158703
[2020-06-11 11:52:08.164] [jointLog] [info] iteration = 1200 | max rel diff. = 1.07042
[2020-06-11 11:52:09.774] [jointLog] [info] iteration = 1300 | max rel diff. = 0.426355
[2020-06-11 11:52:11.367] [jointLog] [info] iteration = 1400 | max rel diff. = 2.87306
[2020-06-11 11:52:12.956] [jointLog] [info] iteration = 1500 | max rel diff. = 0.115798
[2020-06-11 11:52:14.549] [jointLog] [info] iteration = 1600 | max rel diff. = 0.570205
[2020-06-11 11:52:16.136] [jointLog] [info] iteration = 1700 | max rel diff. = 7.77375
[2020-06-11 11:52:17.735] [jointLog] [info] iteration = 1800 | max rel diff. = 0.039344
[2020-06-11 11:52:18.256] [jointLog] [info] iteration = 1834 | max rel diff. = 0.0061868
[2020-06-11 11:52:18.261] [jointLog] [info] Finished optimizer
[2020-06-11 11:52:18.261] [jointLog] [info] writing output 

